<?xml version="1.0" encoding="UTF-8"?>
<!-- Generated by org.testng.reporters.JUnitReportReporter -->
<testsuite hostname="DESKTOP-3QCSFSN" failures="0" tests="10" name="DataParameterisation.Addrecord" time="4.488" errors="0" timestamp="2024-03-09T00:57:16 IST" skipped="0">
  <testcase classname="DataParameterisation.Addrecord" name="addcustomer" time="0.086"/>
  <testcase classname="DataParameterisation.Addrecord" name="addcustomer" time="3.538"/>
  <testcase classname="DataParameterisation.Addrecord" name="addcustomer" time="0.175"/>
  <testcase classname="DataParameterisation.Addrecord" name="addcustomer" time="0.126"/>
  <testcase classname="DataParameterisation.Addrecord" name="addcustomer" time="0.109"/>
  <testcase classname="DataParameterisation.Addrecord" name="addcustomer" time="0.071"/>
  <testcase classname="DataParameterisation.Addrecord" name="addcustomer" time="0.143"/>
  <testcase classname="DataParameterisation.Addrecord" name="addcustomer" time="0.074"/>
  <testcase classname="DataParameterisation.Addrecord" name="addcustomer" time="0.073"/>
  <testcase classname="DataParameterisation.Addrecord" name="addcustomer" time="0.093"/>
</testsuite> <!-- DataParameterisation.Addrecord -->
