<?xml version="1.0" encoding="UTF-8"?>
<!-- Generated by org.testng.reporters.JUnitReportReporter -->
<testsuite hostname="DESKTOP-3QCSFSN" failures="0" tests="1" name="tescases.Addrecord" time="3.759" errors="0" timestamp="2024-03-09T01:16:07 IST" skipped="0">
  <testcase classname="tescases.Addrecord" name="addcustomer" time="3.759"/>
</testsuite> <!-- tescases.Addrecord -->
